2025-07-24 21:51:26,675 - WARNING - Crisis detected: critical - ['kill myself']
2025-07-24 21:51:26,676 - WARNING - Crisis detected: critical - ["can't go on", 'hopeless']
2025-07-24 21:51:26,676 - WARNING - Crisis detected: medium - ['struggling']
2025-07-24 21:51:26,676 - WARNING - Crisis detected: low - ['stressed']
2025-07-24 21:51:26,678 - WARNING - Crisis detected: high - ['hopeless']
2025-07-24 21:51:26,678 - WARNING - Crisis detected: high - ['hopeless']
2025-07-24 21:51:26,679 - WARNING - Crisis detected: high - ['hopeless']
2025-07-24 21:51:26,679 - WARNING - Crisis detected: high - ['hopeless']
2025-07-24 21:51:26,679 - CRITICAL - Crisis override triggered for user test_user_crisis: high
2025-07-24 21:51:26,679 - CRITICAL - Crisis override triggered for user test_user_crisis: high
2025-07-24 21:51:26,679 - WARNING - Crisis detected: low - ['stressed']
2025-07-24 21:51:26,679 - WARNING - Crisis detected: low - ['stressed']
2025-07-24 21:51:26,680 - WARNING - Crisis detected: low - ['stressed']
2025-07-24 21:51:26,680 - WARNING - Crisis detected: low - ['stressed']
2025-07-24 21:51:26,684 - WARNING - Crisis detected: medium - ['struggling']
2025-07-24 21:51:26,684 - WARNING - Crisis detected: medium - ['struggling']
2025-07-24 21:51:26,684 - WARNING - Crisis detected: medium - ['struggling']
2025-07-24 21:51:26,684 - WARNING - Crisis detected: medium - ['struggling']
2025-07-24 21:51:26,687 - WARNING - Crisis detected: low - ['anxious']
2025-07-24 21:51:26,687 - WARNING - Crisis detected: low - ['anxious']
2025-07-24 21:51:26,688 - WARNING - Crisis detected: low - ['anxious']
2025-07-24 21:51:26,688 - WARNING - Crisis detected: low - ['anxious']
2025-07-24 21:51:26,706 - WARNING - Crisis detected: low - ['worried', 'anxious']
2025-07-24 21:51:26,706 - WARNING - Crisis detected: low - ['worried', 'anxious']
2025-07-24 21:51:26,706 - WARNING - Crisis detected: low - ['worried', 'anxious']
2025-07-24 21:51:26,706 - WARNING - Crisis detected: low - ['worried', 'anxious']
