2025-07-23 21:11:55,741 - __main__ - INFO - Checking system dependencies...
2025-07-23 21:11:57,125 - __main__ - WARNING - Some optional features may not be available
2025-07-23 21:11:57,125 - __main__ - WARNING - Install full dependencies with: pip install -r requirements_unified_companion.txt
2025-07-23 21:11:57,125 - __main__ - INFO - Validating configuration...
2025-07-23 21:11:57,133 - __main__ - INFO - Configuration validation complete
2025-07-23 21:11:57,134 - __main__ - INFO - Running system tests...
2025-07-23 21:11:57,156 - test_unified_companion - INFO - === Starting Unified Companion System Tests ===
2025-07-23 21:11:57,157 - modules.database.database_interface - INFO - In-memory database initialized
2025-07-23 21:11:57,157 - test_unified_companion - INFO - Test components initialized
2025-07-23 21:11:57,157 - test_unified_companion - INFO - Testing context detection...
2025-07-23 21:11:57,158 - test_unified_companion - INFO - Test case 1: 'I'm feeling really overwhelmed with work and need ...'
2025-07-23 21:11:57,158 - test_unified_companion - INFO -   Detected focus: emotional_support
2025-07-23 21:11:57,158 - test_unified_companion - INFO -   Expected focus: emotional_support
2025-07-23 21:11:57,158 - test_unified_companion - INFO -   Emotional priority: high
2025-07-23 21:11:57,158 - test_unified_companion - INFO -   Detected needs: ['stress_management', 'emotional_validation']
2025-07-23 21:11:57,158 - test_unified_companion - INFO - Test case 2: 'Can you help me debug this Python function? It's n...'
2025-07-23 21:11:57,159 - test_unified_companion - INFO -   Detected focus: technical_assistance
2025-07-23 21:11:57,159 - test_unified_companion - INFO -   Expected focus: technical_assistance
2025-07-23 21:11:57,159 - test_unified_companion - INFO -   Emotional priority: medium
2025-07-23 21:11:57,159 - test_unified_companion - INFO -   Detected needs: ['emotional_validation', 'problem_solving_assistance', 'technical_support']
2025-07-23 21:11:57,159 - test_unified_companion - INFO - Test case 3: 'I want to write a poem about the ocean but I'm stu...'
2025-07-23 21:11:57,159 - test_unified_companion - INFO -   Detected focus: creative_collaboration
2025-07-23 21:11:57,159 - test_unified_companion - INFO -   Expected focus: creative_collaboration
2025-07-23 21:11:57,160 - test_unified_companion - INFO -   Emotional priority: low
2025-07-23 21:11:57,160 - test_unified_companion - INFO -   Detected needs: ['creative_block_resolution', 'creative_inspiration']
2025-07-23 21:11:57,160 - test_unified_companion - INFO - Test case 4: 'I'm working on a coding project but also feeling s...'
2025-07-23 21:11:57,160 - test_unified_companion - INFO -   Detected focus: emotional_support
2025-07-23 21:11:57,160 - test_unified_companion - INFO -   Expected focus: integrated_support
2025-07-23 21:11:57,160 - test_unified_companion - INFO -   Emotional priority: high
2025-07-23 21:11:57,160 - test_unified_companion - INFO -   Detected needs: ['stress_management', 'emotional_validation', 'project_guidance']
2025-07-23 21:11:57,160 - test_unified_companion - INFO - Test case 5: 'Hello, how are you today?...'
2025-07-23 21:11:57,160 - test_unified_companion - INFO -   Detected focus: general_conversation
2025-07-23 21:11:57,161 - test_unified_companion - INFO -   Expected focus: general_conversation
2025-07-23 21:11:57,161 - test_unified_companion - INFO -   Emotional priority: low
2025-07-23 21:11:57,161 - test_unified_companion - INFO -   Detected needs: []
2025-07-23 21:11:57,161 - test_unified_companion - INFO - Testing database operations...
2025-07-23 21:11:57,166 - test_unified_companion - INFO -   Retrieved user: Test User
2025-07-23 21:11:57,166 - test_unified_companion - INFO -   Preferences: {'theme': 'adaptive', 'response_style': 'supportive'}
2025-07-23 21:11:57,173 - test_unified_companion - INFO -   Retrieved 1 interactions
2025-07-23 21:11:57,174 - test_unified_companion - INFO - Testing adaptive response patterns...
2025-07-23 21:11:57,174 - test_unified_companion - INFO - Context: emotional_support
2025-07-23 21:11:57,174 - test_unified_companion - INFO -   Input: 'I'm feeling really depressed and don't know what t...'
2025-07-23 21:11:57,174 - test_unified_companion - INFO -   Recommended tone: gentle_and_empathetic
2025-07-23 21:11:57,174 - test_unified_companion - INFO -   Interaction style: intimate_and_caring
2025-07-23 21:11:57,174 - test_unified_companion - INFO - Context: technical_assistance
2025-07-23 21:11:57,174 - test_unified_companion - INFO -   Input: 'My code keeps throwing a syntax error and I can't ...'
2025-07-23 21:11:57,174 - test_unified_companion - INFO -   Recommended tone: supportive_and_competent
2025-07-23 21:11:57,174 - test_unified_companion - INFO -   Interaction style: helpful_and_encouraging
2025-07-23 21:11:57,175 - test_unified_companion - INFO - Context: creative_collaboration
2025-07-23 21:11:57,175 - test_unified_companion - INFO -   Input: 'I want to create something beautiful but don't kno...'
2025-07-23 21:11:57,175 - test_unified_companion - INFO -   Recommended tone: inspiring_and_encouraging
2025-07-23 21:11:57,175 - test_unified_companion - INFO -   Interaction style: collaborative_and_artistic
2025-07-23 21:11:57,175 - test_unified_companion - INFO - Testing memory system...
2025-07-23 21:11:57,182 - test_unified_companion - INFO - Technical memories retrieved: 1
2025-07-23 21:11:57,182 - test_unified_companion - INFO -   Memory: User prefers detailed technical explanations...
2025-07-23 21:11:57,182 - test_unified_companion - INFO -   Importance: 0.8
2025-07-23 21:11:57,182 - test_unified_companion - INFO - Testing integration scenario...
2025-07-23 21:11:57,182 - test_unified_companion - INFO - Interaction 1: 'Hi, I'm new here and feeling a bit overwhelmed wit...'
2025-07-23 21:11:57,183 - test_unified_companion - INFO -   Primary focus: emotional_support
2025-07-23 21:11:57,183 - test_unified_companion - INFO -   Emotional priority: high
2025-07-23 21:11:57,184 - test_unified_companion - INFO -   Conversation flow: natural
2025-07-23 21:11:57,184 - test_unified_companion - INFO -   Response: 'I understand you're feeling overwhelmed, and that's completely natural when star...'
2025-07-23 21:11:57,184 - test_unified_companion - INFO - Interaction 2: 'I'm trying to build a web application but I don't ...'
2025-07-23 21:11:57,184 - test_unified_companion - INFO -   Primary focus: general_conversation
2025-07-23 21:11:57,184 - test_unified_companion - INFO -   Emotional priority: low
2025-07-23 21:11:57,184 - test_unified_companion - INFO -   Conversation flow: sustained_general
2025-07-23 21:11:57,184 - test_unified_companion - INFO -   Response: 'I'm here to help you with whatever you need. What would you like to focus on tod...'
2025-07-23 21:11:57,185 - test_unified_companion - INFO - Interaction 3: 'Thanks for the guidance. I'm feeling more confiden...'
2025-07-23 21:11:57,185 - test_unified_companion - INFO -   Primary focus: emotional_support
2025-07-23 21:11:57,185 - test_unified_companion - INFO -   Emotional priority: high
2025-07-23 21:11:57,185 - test_unified_companion - INFO -   Conversation flow: sustained_general
2025-07-23 21:11:57,185 - test_unified_companion - INFO -   Response: 'I understand you're feeling overwhelmed, and that's completely natural when star...'
2025-07-23 21:11:57,185 - test_unified_companion - INFO - Interaction 4: 'I want to make this project creative and unique, n...'
2025-07-23 21:11:57,185 - test_unified_companion - INFO -   Primary focus: technical_assistance
2025-07-23 21:11:57,185 - test_unified_companion - INFO -   Emotional priority: low
2025-07-23 21:11:57,186 - test_unified_companion - INFO -   Conversation flow: sustained_general
2025-07-23 21:11:57,186 - test_unified_companion - INFO -   Response: 'Let's break down web application development into manageable steps. We can start...'
2025-07-23 21:11:57,186 - test_unified_companion - INFO - === All tests completed successfully ===
